<?xml version="1.0" encoding="UTF-8"?>
<testsuites name="jest tests" tests="2" failures="0" time="3.113">
  <testsuite name="Test permissions" errors="0" failures="0" skipped="0" timestamp="2020-06-24T15:21:30" time="3.018" tests="2">
    <testcase classname="Test permissions testFilterPermissionsByCompany" name="Test permissions testFilterPermissionsByCompany" time="0.018">
    </testcase>
    <testcase classname="Test permissions testFilterPermissionsByBranch" name="Test permissions testFilterPermissionsByBranch" time="0.015">
    </testcase>
  </testsuite>
</testsuites>